"cd-rfile"
"Time Step" "cd etc.."
("Time Step" "cd" "flow-time")
0 -1.292469707114106e-26 0
1 1.048147933259146 0.05
2 0.4830311900679242 0.1
3 0.2344457197786902 0.15
4 0.2017586816965296 0.2
5 0.196404587949281 0.25
6 0.1907701928322514 0.3
7 0.1843558558852074 0.35
8 0.1797119302212116 0.4
9 0.177873632638949 0.45
10 0.1787169854192281 0.5
11 0.1838530438230666 0.55
12 0.1905014920634511 0.6000000000000001
13 0.1991573519777513 0.65
14 0.2123773240994458 0.7000000000000001
15 0.2268276393036473 0.75
16 0.2445098997076579 0.8
17 0.2654019996607865 0.8500000000000001
18 0.2900626921424836 0.9
19 0.3192805490323914 0.9500000000000001
20 0.352808558997548 1
21 0.3892177496097041 1.05
22 0.428173143951509 1.1
23 0.4748114290947129 1.15
24 0.5167771771770348 1.2
25 0.5642218652027354 1.25
26 0.6074639185487805 1.3
27 0.6521323153745416 1.35
28 0.6915187513142929 1.4
29 0.7259380709594864 1.45
30 0.7672100687898478 1.5
31 0.7991542776607701 1.55
32 0.82982790900502 1.6
33 0.8608400527091129 1.65
34 0.89290349794861 1.7
35 0.9265840510738749 1.75
36 0.9594227245835546 1.8
37 0.9732010754317104 1.85
38 0.9921609384937775 1.9
39 1.010393993943646 1.95
40 1.025637930738738 2
41 1.033213129385577 2.05
42 1.038457854417292 2.1
43 1.034064630248516 2.15
44 1.021021879993369 2.2
45 1.013658658725839 2.25
46 0.9968757625558011 2.3
47 0.9827068128340233 2.35
48 0.9638862444438069 2.4
49 0.946021455196984 2.45
50 0.9247755412173216 2.5
51 0.9076271769420553 2.55
52 0.891284839101425 2.6
53 0.8792444098549052 2.65
54 0.8676510060018101 2.7
55 0.8560919267164531 2.75
56 0.8465560891079038 2.8
57 0.8456356924795362 2.85
58 0.8402210706213905 2.9
59 0.8415712478224128 2.95
60 0.8371042535362312 3
61 0.8350854599952715 3.05
62 0.8357350197920993 3.1
63 0.8370695049642903 3.15
64 0.8445295314153322 3.2
65 0.8523264598610136 3.25
66 0.8551559767432342 3.3
67 0.861336413118662 3.35
68 0.8692597928250998 3.4
69 0.8706347877558548 3.45
70 0.8729731209342269 3.5
71 0.8712592262946089 3.55
72 0.8713085900527262 3.6
73 0.8633243867109555 3.65
74 0.8559742670913292 3.7
75 0.8432764274259539 3.75
76 0.8310144048586998 3.8
77 0.817271461303812 3.85
78 0.8053545739362551 3.9
79 0.7945610689689274 3.95
80 0.7839467792451743 4
81 0.7753658218069354 4.05
82 0.769024285883347 4.100000000000001
83 0.7641113817422762 4.15
84 0.7597488345189843 4.2
85 0.755909168047425 4.25
86 0.7513291414179779 4.3
87 0.7483253366867642 4.350000000000001
88 0.7478853610914501 4.4
89 0.7445040115440035 4.45
90 0.7447749015355797 4.5
91 0.741126887144929 4.55
92 0.7382268612601026 4.600000000000001
93 0.7364092363152128 4.65
94 0.7347690229803365 4.7
95 0.7348362890343897 4.75
96 0.7333781356854148 4.800000000000001
97 0.7311832036016596 4.850000000000001
98 0.7294238709217395 4.9
99 0.7267363407999685 4.95
100 0.726805147303108 5
101 0.7253019090480421 5.050000000000001
102 0.7258414968613689 5.100000000000001
103 0.723606732371621 5.15
104 0.7213284802554377 5.2
105 0.7212087715819041 5.25
106 0.7194858553010786 5.300000000000001
107 0.718037865339537 5.350000000000001
108 0.7151841755364829 5.4
109 0.7147179655143978 5.45
110 0.7113593039536026 5.5
111 0.7087067545882817 5.550000000000001
112 0.7074158931804072 5.600000000000001
113 0.7045542616161584 5.65
114 0.7029344134641141 5.7
115 0.699071177599065 5.75
116 0.6978872690914479 5.800000000000001
117 0.6963572738189451 5.850000000000001
118 0.6935269565286194 5.9
119 0.692912024017836 5.95
120 0.6898357601356547 6
121 0.6902631327313757 6.050000000000001
122 0.6878897240093046 6.100000000000001
123 0.6882521836573543 6.15
124 0.6864569692053442 6.2
125 0.6873751286167346 6.25
126 0.6857510178026878 6.300000000000001
127 0.6876603285110103 6.350000000000001
128 0.6850730319024433 6.4
129 0.6877906715300209 6.45
130 0.6854153491466997 6.5
131 0.6867747452761188 6.550000000000001
132 0.6853609562179729 6.600000000000001
133 0.6843428968320113 6.65
134 0.6852634993270149 6.7
135 0.6839541197032893 6.75
136 0.6827230183277055 6.800000000000001
137 0.6812816860488867 6.850000000000001
138 0.6802345773732421 6.9
139 0.6787502652419212 6.95
140 0.6761014894835488 7
141 0.6741010881329184 7.050000000000001
142 0.6721628930125493 7.100000000000001
143 0.6697385580217327 7.15
144 0.6688055644223808 7.2
145 0.6661520617149167 7.25
146 0.6646201317482512 7.300000000000001
147 0.6624984109489269 7.350000000000001
148 0.661437065938677 7.4
149 0.6590104788200689 7.45
150 0.657177283571498 7.5
151 0.6552827494854869 7.550000000000001
152 0.6531856553055011 7.600000000000001
153 0.6502474162217171 7.65
154 0.6488665537286006 7.7
155 0.6475149777545166 7.75
156 0.6457569235171778 7.800000000000001
157 0.6453241554462209 7.850000000000001
158 0.6432196551019445 7.9
159 0.6412211175291527 7.95
160 0.6410716049496448 8
161 0.6404642228104199 8.050000000000001
162 0.6374218350261674 8.1
163 0.6366270019151011 8.15
164 0.6332930552511405 8.200000000000001
165 0.6306737585192036 8.25
166 0.6270668586697461 8.300000000000001
167 0.6228231320439396 8.35
168 0.6188032530044734 8.4
169 0.6167768101092583 8.450000000000001
170 0.6128964394808603 8.5
171 0.6093566449355364 8.550000000000001
172 0.6061591501984979 8.6
173 0.6028722914934534 8.65
174 0.599683306215588 8.700000000000001
175 0.597029150782823 8.75
176 0.5950708167229452 8.800000000000001
177 0.5932506513009024 8.85
178 0.5929668338116187 8.9
179 0.5926227489259936 8.950000000000001
180 0.5930601460319486 9
181 0.5950467337315043 9.050000000000001
182 0.5951994845626207 9.1
183 0.598224235654471 9.15
184 0.5999158166780505 9.200000000000001
185 0.6025114066106974 9.25
186 0.605322338793586 9.300000000000001
187 0.6069725187516029 9.35
188 0.6097028440396882 9.4
189 0.6108058832889749 9.450000000000001
190 0.6134904821510774 9.5
191 0.6127390677157091 9.550000000000001
192 0.6151211478823968 9.600000000000001
193 0.6153028917695434 9.65
194 0.6144537064727134 9.700000000000001
195 0.6138423841502835 9.75
196 0.611609079138868 9.800000000000001
197 0.6113547118185259 9.850000000000001
198 0.6094052844655852 9.9
199 0.6083651447434443 9.950000000000001
200 0.6041107472133546 10
201 0.603822060369662 10.05
202 0.6017200065928735 10.1
203 0.6022713054571321 10.15
204 0.5998888297591985 10.2
205 0.6007310563670977 10.25
206 0.5984037206448715 10.3
207 0.6009586231019652 10.35
208 0.5998226608605107 10.4
209 0.601929999844986 10.45
210 0.6017730848520239 10.5
211 0.603489792231108 10.55
212 0.6052733757105431 10.6
213 0.6078077997330501 10.65
214 0.6093127337095592 10.7
215 0.6120749807822159 10.75
216 0.6116789721071486 10.8
217 0.6136219472015016 10.85
218 0.6113825714279788 10.9
219 0.6130637924412271 10.95
220 0.6105230480760748 11
221 0.6113560517919137 11.05
222 0.6079879856374022 11.1
223 0.608146274715514 11.15
224 0.6050744406331163 11.2
225 0.6041050416787506 11.25
226 0.6022832859446894 11.3
227 0.5999759627662288 11.35
228 0.5975183208072322 11.4
229 0.5964234619801082 11.45
230 0.5950290012852887 11.5
231 0.5968833467298277 11.55
232 0.5965301268020784 11.6
233 0.5990392198570488 11.65
234 0.6031317601185103 11.7
235 0.6072502246335596 11.75
236 0.6117990686763154 11.8
237 0.6166326509481866 11.85
238 0.6229347300686736 11.9
239 0.6277247067682341 11.95
240 0.631057275650406 12
241 0.6382958147937811 12.05
242 0.6418834612181245 12.1
243 0.6477246017302415 12.15
244 0.651585731296855 12.2
245 0.6548519204337585 12.25
246 0.6570627748148626 12.3
247 0.658123595145564 12.35
248 0.660696254223999 12.4
249 0.6598791869122141 12.45
250 0.6613782409866086 12.5
251 0.6591424877829394 12.55
252 0.6597400454657528 12.6
253 0.6577019874791962 12.65
254 0.6564588445116231 12.7
255 0.654677964853462 12.75
256 0.6537554641826973 12.8
257 0.6547919200262894 12.85
258 0.6581060784963852 12.9
259 0.658780642439423 12.95
260 0.6634499901578265 13
261 0.6658517809780069 13.05
262 0.6693143543997817 13.1
263 0.6720918477467499 13.15
264 0.676100925011847 13.2
265 0.6806939938038753 13.25
266 0.6846684838369832 13.3
267 0.6907388535351664 13.35
268 0.6940146573949723 13.4
269 0.6972940271241655 13.45
270 0.6989957961064759 13.5
271 0.7013438138782315 13.55
272 0.7041389575962378 13.6
273 0.7056547981866308 13.65
274 0.706926194148465 13.7
275 0.7075115505676074 13.75
276 0.7058752543186366 13.8
277 0.7042855448791984 13.85
278 0.7030843703268436 13.9
279 0.7022980365487398 13.95
280 0.7024798788044544 14
281 0.7023648710258503 14.05
282 0.702516561411263 14.1
283 0.7035112706693173 14.15
284 0.705874961090601 14.2
285 0.708887927699645 14.25
286 0.7123402437090124 14.3
287 0.7171117818434177 14.35
288 0.7210229663847073 14.4
289 0.7265078768593828 14.45
290 0.7331650699193554 14.5
291 0.7409884101439654 14.55
292 0.7499376302508034 14.6
293 0.7596507352572448 14.65
294 0.7685437973195248 14.7
295 0.7803852855191746 14.75
296 0.792694333498827 14.8
297 0.8060847829274838 14.85
298 0.8211746792500114 14.9
299 0.836524943500337 14.95
300 0.8542735585758324 15
301 0.8735145779142831 15.05
302 0.8923632934242446 15.1
303 0.9108549925707294 15.15
304 0.9305732025970681 15.2
305 0.9524586735875477 15.25
306 0.9769401005697347 15.3
307 0.9992727675221478 15.35
308 1.024924536499517 15.4
309 1.048681133305554 15.45
310 1.074152032441756 15.5
311 1.099355754245962 15.55
312 1.12476222202883 15.6
313 1.150031825987859 15.65
314 1.175888139100491 15.7
315 1.20101387857278 15.75
316 1.223235104260544 15.8
317 1.24264504261665 15.85
318 1.258211253297454 15.9
319 1.269866701199845 15.95
320 1.277092707486456 16
321 1.280871505758819 16.05
322 1.279037804972384 16.1
323 1.273392550468337 16.15
324 1.262438456908154 16.2
325 1.248809792640232 16.25
326 1.233907007680163 16.3
327 1.215546633104061 16.35
328 1.19701459118681 16.4
329 1.175928887221947 16.45
330 1.154042048418142 16.5
331 1.132259041051012 16.55
332 1.110819883605517 16.6
333 1.090461709054055 16.65
334 1.070749900092875 16.7
335 1.052375106382952 16.75
336 1.037130642829488 16.8
337 1.021189277419793 16.85
338 1.007574550102848 16.9
339 0.9964538057129084 16.95
340 0.9874759856910804 17
341 0.9845639924468566 17.05
342 0.9817776300760037 17.1
343 0.9812733004007643 17.15
344 0.986951076089759 17.2
345 0.989656845782283 17.25
346 0.9951339610028073 17.3
347 1.004519533780847 17.35
348 1.012371587945776 17.4
349 1.018457479449151 17.45
350 1.029208059802396 17.5
351 1.034027384046415 17.55
352 1.04261351922798 17.6
353 1.051187893522 17.65
354 1.059324612016991 17.7
355 1.064391962615065 17.75
356 1.069020315299795 17.8
357 1.072646674143666 17.85
358 1.07392040408635 17.9
359 1.079281953425048 17.95
360 1.083873944607273 18
361 1.090146499015206 18.05
362 1.096419135149385 18.1
363 1.103546324227492 18.15
364 1.109865492806338 18.2
365 1.113054605179659 18.25
366 1.120096881903079 18.3
367 1.12543162984185 18.35
368 1.12950399171741 18.4
369 1.131769086153145 18.45
370 1.132592917147731 18.5
371 1.132673528359701 18.55
372 1.131889477634592 18.6
373 1.127058910608966 18.65
374 1.120914166237208 18.7
375 1.113544682083969 18.75
376 1.103858935770939 18.8
377 1.094359801315485 18.85
378 1.081447318255764 18.9
379 1.069936848558937 18.95
380 1.059423644587431 19
381 1.050353469869602 19.05
382 1.03765497532391 19.1
383 1.027127810814942 19.15
384 1.020331364870561 19.2
385 1.011987580307784 19.25
386 1.002786428460976 19.3
387 0.9929240952247058 19.35
388 0.9847526818432892 19.4
389 0.9780738750677023 19.45
390 0.9725370244443797 19.5
391 0.9699056170202606 19.55
392 0.9661356449167051 19.6
393 0.9663597892938719 19.65
394 0.9692140515210793 19.7
395 0.9812193823181287 19.75
396 0.998610185583488 19.8
397 1.016633338021057 19.85
398 1.039302499991996 19.9
399 1.067639700252086 19.95
400 1.09584755253113 20
401 1.126526136110886 20.05
402 1.154882155426042 20.1
403 1.182668686251773 20.15
404 1.213097218184863 20.2
405 1.242936554255281 20.25
406 1.270568974431645 20.3
407 1.292802848371335 20.35
408 1.314295031185548 20.4
409 1.33090296129556 20.45
410 1.345057876912331 20.5
411 1.356853099925364 20.55
412 1.36488427563217 20.6
413 1.36601708259431 20.65
414 1.363499180019695 20.7
415 1.354997366473066 20.75
416 1.345289619071822 20.8
417 1.33227265523887 20.85
418 1.314962984497287 20.9
419 1.296080296356778 20.95
420 1.278999275245769 21
421 1.259152591347323 21.05
422 1.242163429476189 21.1
423 1.223968699908829 21.15
424 1.211031448576443 21.2
425 1.194019176545848 21.25
426 1.177751197222968 21.3
427 1.161465866372904 21.35
428 1.143797970180147 21.4
429 1.126960692340544 21.45
430 1.110811215824926 21.5
431 1.099009427060701 21.55
432 1.087517271099145 21.6
433 1.074107758449081 21.65
434 1.065293207107317 21.7
435 1.052579800738194 21.75
436 1.041685210963355 21.8
437 1.034705720464115 21.85
438 1.032269276587357 21.9
439 1.030473449374751 21.95
440 1.034904470737858 22
441 1.038756260649964 22.05
442 1.04426229585871 22.1
443 1.054650630425943 22.15
444 1.06948713077972 22.2
445 1.085441804562153 22.25
446 1.107051505033352 22.3
447 1.135883394767077 22.35
448 1.162888237618881 22.4
449 1.191137916274496 22.45
450 1.220544067635714 22.5
451 1.243943416783295 22.55
452 1.269865228570952 22.6
453 1.293794330082553 22.65
454 1.313013545237561 22.7
455 1.32974167632811 22.75
456 1.343687109235475 22.8
457 1.350181478108283 22.85
458 1.354522251090454 22.9
459 1.356788458569427 22.95
460 1.354564292580326 23
461 1.352552244687414 23.05
462 1.344823214453464 23.1
463 1.332624791188655 23.15
464 1.316729000171454 23.2
465 1.295421435699863 23.25
466 1.272410989996789 23.3
467 1.248031152451675 23.35
468 1.225290117944371 23.4
469 1.199118980686207 23.45
470 1.171767633422619 23.5
471 1.148829593154167 23.55
472 1.125746546710625 23.6
473 1.104254687131165 23.65
474 1.082995465147399 23.7
475 1.067799780659102 23.75
476 1.055088804128138 23.8
477 1.042395285141883 23.85
478 1.03551604509183 23.9
479 1.022628087084634 23.95
480 1.019365865304965 24
481 1.022881719992516 24.05
482 1.027615133658012 24.1
483 1.030155509682547 24.15
484 1.038975572834277 24.2
485 1.052839651675431 24.25
486 1.068114616857571 24.3
487 1.083971850183069 24.35
488 1.108511431350641 24.4
489 1.135635734144048 24.45
490 1.165125929386411 24.5
491 1.194094349360839 24.55
492 1.222262556032313 24.6
493 1.251806866349935 24.65
494 1.27890121347305 24.7
495 1.30529684383201 24.75
496 1.326617538307965 24.8
497 1.350053123186924 24.85
498 1.368775128454116 24.9
499 1.384167842543512 24.95
500 1.393743318692972 25
501 1.398025019410609 25.05
502 1.395921053443692 25.1
503 1.38951064592517 25.15
504 1.380962801365924 25.2
505 1.368660514042754 25.25
506 1.354870669654429 25.3
507 1.337265743629168 25.35
508 1.31610737846514 25.4
509 1.290362219757345 25.45
510 1.265626938700018 25.5
511 1.237808651602398 25.55
512 1.206814398233848 25.6
513 1.177111846922646 25.65
514 1.154008220656109 25.7
515 1.131144588981774 25.75
516 1.111763360174782 25.8
517 1.093274853673051 25.85
518 1.083666449142933 25.9
519 1.073807072849005 25.95
520 1.06984546340765 26
521 1.068978864566667 26.05
522 1.068750322684231 26.1
523 1.074902173375154 26.15
524 1.082041317028545 26.2
525 1.089666247105027 26.25
526 1.097099656410543 26.3
527 1.099879714278177 26.35
528 1.099723406335402 26.4
529 1.096988735533333 26.45
530 1.093106710424051 26.5
531 1.093139791703519 26.55
532 1.088943702073313 26.6
533 1.086481401603662 26.65
534 1.091516182719369 26.7
535 1.10151750277498 26.75
536 1.119872718596656 26.8
537 1.140605200261359 26.85
538 1.166195518873367 26.9
539 1.195693159710149 26.95
540 1.224141396023689 27
541 1.252432618846147 27.05
542 1.280159486735442 27.1
543 1.30866677848493 27.15
544 1.33243274890599 27.2
545 1.351216495706723 27.25
546 1.371744401441594 27.3
547 1.386972753938232 27.35
548 1.399434307470089 27.4
549 1.408801391515726 27.45
550 1.413368070541783 27.5
551 1.411240770639619 27.55
552 1.405247696928422 27.6
553 1.397024139353885 27.65
554 1.386209314543563 27.7
555 1.371425647548851 27.75
556 1.355234040833082 27.8
557 1.335233418876877 27.85
558 1.313347821429071 27.9
559 1.290049251238366 27.95
560 1.264267809746002 28
561 1.236758400487119 28.05
562 1.207478651559594 28.1
563 1.181325987751774 28.15
564 1.155840776694779 28.2
565 1.130025241057094 28.25
566 1.107129469840042 28.3
567 1.090095552700163 28.35
568 1.071577551578118 28.4
569 1.049167434149793 28.45
570 1.036013682907193 28.5
571 1.024046991116464 28.55
572 1.017147415622091 28.6
573 1.020195889905774 28.65
574 1.021799836394126 28.7
575 1.029041347277418 28.75
576 1.03939433707953 28.8
577 1.059760208186239 28.85
578 1.078901447311731 28.9
579 1.103754185320012 28.95
580 1.130845884817676 29
581 1.164522604641653 29.05
582 1.199641499906204 29.1
583 1.236242051993942 29.15
584 1.273285927984481 29.2
585 1.304085461175199 29.25
586 1.329329459022048 29.3
587 1.356277942673581 29.35
588 1.37754286299288 29.4
589 1.402244726682611 29.45
590 1.42032066004914 29.5
591 1.43381421076143 29.55
592 1.440219889769889 29.6
593 1.441718276655618 29.65
594 1.439551753999353 29.7
595 1.433649035953975 29.75
596 1.42107672586963 29.8
597 1.403682682123947 29.85
598 1.382374182957807 29.9
599 1.355829958057836 29.95
600 1.325451760481408 30
601 1.290345506971845 30.05
602 1.255865473495697 30.1
603 1.222490964813315 30.15
604 1.188745396420964 30.2
605 1.163400959212307 30.25
606 1.140244853328168 30.3
607 1.122831374360858 30.35
608 1.107986858019482 30.4
609 1.098102034593251 30.45
610 1.093463676732496 30.5
611 1.089883441150175 30.55
612 1.09054807715273 30.6
613 1.0881472260805 30.65
614 1.089182556312751 30.7
615 1.0954599557621 30.75
616 1.100124369816635 30.8
617 1.105004771707403 30.85
618 1.102980463903126 30.9
619 1.100031771768217 30.95
620 1.097582423540815 31
621 1.08567212659172 31.05
622 1.080700337044303 31.1
623 1.074120644570731 31.15
624 1.064378557559203 31.2
625 1.059943796866681 31.25
626 1.068390859781779 31.3
627 1.078301788269079 31.35
628 1.098980661209789 31.4
629 1.121573392504352 31.45
630 1.15076456749445 31.5
631 1.184877010416829 31.55
632 1.218126245651989 31.6
633 1.24911116892705 31.65
634 1.283668752132932 31.7
635 1.31458801798739 31.75
636 1.339806412015253 31.8
637 1.36244757513454 31.85
638 1.378856984413014 31.9
639 1.39155906156549 31.95
640 1.396018907016594 32
641 1.402521433037788 32.05
642 1.40181558717143 32.1
643 1.395450673053283 32.15
644 1.385499378521735 32.2
645 1.371230652299712 32.25
646 1.355283703625596 32.3
647 1.331324114005196 32.35
648 1.313068558781578 32.4
649 1.28773773892115 32.45
650 1.267306460921701 32.5
651 1.238375289524515 32.55
652 1.211906222582309 32.6
653 1.184396766697801 32.65
654 1.162663974399391 32.7
655 1.139994555833775 32.75
656 1.117793605074187 32.8
657 1.098448508295643 32.85
658 1.081649522453154 32.9
659 1.06817828195689 32.95
660 1.05594099647472 33
661 1.043961972191474 33.05
662 1.036945057351839 33.1
663 1.037306733708916 33.15
664 1.046105848196271 33.2
665 1.055556054440472 33.25
666 1.067097096140762 33.3
667 1.088391659820146 33.35
668 1.116469819044873 33.4
669 1.148136640422352 33.45
670 1.177951843039815 33.5
671 1.210324201894186 33.55
672 1.24523248975827 33.6
673 1.284209611919406 33.65
674 1.320803037012851 33.7
675 1.349755081173254 33.75
676 1.374695652471406 33.8
677 1.400238173735841 33.85
678 1.420043615796388 33.9
679 1.437897779561697 33.95
680 1.447168008629208 34
681 1.453354136248393 34.05
682 1.454576447044013 34.1
683 1.449652801872598 34.15
684 1.441209649304138 34.2
685 1.428806662064815 34.25
686 1.410851596485992 34.3
687 1.385924831073737 34.35
688 1.356755065133548 34.4
689 1.328176137698094 34.45
690 1.300034426442686 34.5
691 1.269389249026444 34.55
692 1.237144855886841 34.6
693 1.209507603659666 34.65
694 1.184382907368475 34.7
695 1.163159877197559 34.75
696 1.144414658643853 34.8
697 1.133123858938862 34.85
698 1.120063856745692 34.9
699 1.11317731865025 34.95
700 1.11143980541657 35
701 1.101248739256469 35.05
702 1.088872274424849 35.1
703 1.077510182377903 35.15
704 1.068430708638541 35.2
705 1.061359857280889 35.25
706 1.054903693706915 35.3
707 1.046309665967258 35.35
708 1.032915174050065 35.4
709 1.022242686590296 35.45
710 1.014389972251221 35.5
711 1.013528588952916 35.55
712 1.009488170479192 35.6
713 1.010774442889319 35.65
714 1.009974233822414 35.7
715 1.02092776515825 35.75
716 1.047369922339597 35.8
717 1.081424681378764 35.85
718 1.115895675272789 35.9
719 1.156100745492471 35.95
720 1.200227032693005 36
721 1.238927044078204 36.05
722 1.277362648475069 36.1
723 1.313528822821841 36.15
724 1.347775184555507 36.2
725 1.374604868504602 36.25
726 1.397625166500225 36.3
727 1.417200760202126 36.35
728 1.433531472692982 36.4
729 1.442736696591129 36.45
730 1.448072830311168 36.5
731 1.451908379690047 36.55
732 1.451113816637202 36.6
733 1.445609824093699 36.65
734 1.437419628434776 36.7
735 1.427669019735873 36.75
736 1.415927228888455 36.8
737 1.400122733331781 36.85
738 1.385060768667672 36.9
739 1.366825760363804 36.95
740 1.351359254748961 37
741 1.331783641135904 37.05
742 1.314485836938122 37.1
743 1.29405863847111 37.15
744 1.273707353260747 37.2
745 1.251872133747252 37.25
746 1.230183606228887 37.3
747 1.209959614077882 37.35
748 1.188619871261422 37.4
749 1.164907090619272 37.45
750 1.142505789070221 37.5
751 1.118308073310626 37.55
752 1.091230273406849 37.6
753 1.062724192219798 37.65
754 1.034261610600303 37.7
755 1.011671529948841 37.75
756 0.9908384973752472 37.8
757 0.9714306492937316 37.85
758 0.9552580161755467 37.9
759 0.9427237745279287 37.95
760 0.9302039466973525 38
761 0.9269376264442416 38.05
762 0.934007291615357 38.1
763 0.9410320376713045 38.15
764 0.9531118039668972 38.2
765 0.9703192850576786 38.25
766 0.9945034699624352 38.3
767 1.024315470265792 38.35
768 1.059186332092352 38.40000000000001
769 1.101335494678053 38.45
770 1.138903110169419 38.5
771 1.178564624289887 38.55
772 1.213673305952282 38.6
773 1.251649269660737 38.65000000000001
774 1.289847765606544 38.7
775 1.324457852091269 38.75
776 1.358343013944251 38.8
777 1.387428690816384 38.85
778 1.418507542699061 38.90000000000001
779 1.440099471302115 38.95
780 1.455432653384989 39
781 1.469818757723299 39.05
782 1.47602583988206 39.1
783 1.478961342944204 39.15000000000001
784 1.479543521657404 39.2
785 1.474215707409947 39.25
786 1.46392883153401 39.3
787 1.447629557616998 39.35
788 1.426636492421852 39.40000000000001
789 1.401312363122947 39.45
790 1.374155403363777 39.5
791 1.344437260986242 39.55
792 1.31529698843456 39.6
793 1.282087391118025 39.65000000000001
794 1.24876894652247 39.7
795 1.217537094257888 39.75
796 1.186161503080509 39.8
797 1.153953374602986 39.85
798 1.124331962095571 39.90000000000001
799 1.098502317531721 39.95
800 1.07472273618735 40
801 1.055071377418864 40.05
802 1.043097209612265 40.1
803 1.032695587060489 40.15000000000001
804 1.026620968530416 40.2
805 1.033920162845652 40.25
806 1.042673188827967 40.3
807 1.059883682086329 40.35
808 1.075199615834939 40.40000000000001
809 1.088792348401733 40.45
810 1.11011366347127 40.5
811 1.127362491721555 40.55
812 1.136119477863403 40.6
813 1.141515147570723 40.65000000000001
814 1.148700001573645 40.7
815 1.155174688511441 40.75
816 1.157579339018053 40.8
817 1.167295072235029 40.85
818 1.173774723091099 40.90000000000001
819 1.18734889290433 40.95
820 1.200060912877768 41
821 1.217576841682516 41.05
822 1.239712771324522 41.1
823 1.258848940379855 41.15000000000001
824 1.280346976271137 41.2
825 1.302890161056288 41.25
826 1.321173701232684 41.3
827 1.338983995578945 41.35
828 1.353578800241101 41.40000000000001
829 1.361703426614342 41.45
830 1.364321226673967 41.5
831 1.365701927323569 41.55
832 1.363145033268036 41.6
833 1.359382887794724 41.65000000000001
834 1.349863821829697 41.7
835 1.337831522727405 41.75
836 1.323021278925891 41.8
837 1.30722937347085 41.85
838 1.288764629328393 41.90000000000001
839 1.268976888186186 41.95
840 1.246611665346097 42
841 1.223422769406676 42.05
842 1.199088925004217 42.1
843 1.180043058671553 42.15000000000001
844 1.153654283821149 42.2
845 1.132329460664352 42.25
846 1.109397216053305 42.3
847 1.089739438562457 42.35
848 1.068988600994092 42.40000000000001
849 1.048851691319265 42.45
850 1.025745830457129 42.5
851 1.009781876894725 42.55
852 0.999932716383081 42.6
853 0.9862208963680464 42.65000000000001
854 0.9799979665842737 42.7
855 0.9754419649234781 42.75
856 0.9730622227520334 42.8
857 0.9758485452703346 42.85
858 0.9828873906758023 42.90000000000001
859 1.000732493612042 42.95
860 1.01974896410318 43
861 1.042245275657904 43.05
862 1.072633710455609 43.1
863 1.106365140425007 43.15000000000001
864 1.143997542688724 43.2
865 1.186433374882543 43.25
866 1.222989899031542 43.3
867 1.260127117494828 43.35
868 1.299229976842035 43.40000000000001
869 1.334708071083198 43.45
870 1.365966890642236 43.5
871 1.3894981887043 43.55
872 1.40933100961735 43.6
873 1.422827257177485 43.65000000000001
874 1.432803872815939 43.7
875 1.43337087861857 43.75
876 1.431115783692762 43.8
877 1.418525700147672 43.85
878 1.405116142863983 43.90000000000001
879 1.385411123954737 43.95
880 1.361649767728913 44
881 1.334409012436211 44.05
882 1.305965024853926 44.1
883 1.274248968278193 44.15000000000001
884 1.240469335344945 44.2
885 1.2084664262976 44.25
886 1.174170800429819 44.3
887 1.142106275834412 44.35
888 1.111303242886941 44.40000000000001
889 1.079721572894258 44.45
890 1.054001785990665 44.5
891 1.028694084950292 44.55
892 1.006906873125396 44.6
893 0.9919793948091772 44.65000000000001
894 0.979588896432841 44.7
895 0.9747732673718298 44.75
896 0.9746636641442016 44.8
897 0.9781547753400971 44.85
898 0.9842892765556094 44.90000000000001
899 0.9990951858535075 44.95
900 1.01095050889854 45
901 1.027785152183407 45.05
902 1.043681047608918 45.1
903 1.059393389984179 45.15000000000001
904 1.071180730050969 45.2
905 1.077443669058755 45.25
906 1.081689480107015 45.3
907 1.084055039020968 45.35
908 1.087668729977591 45.40000000000001
909 1.099576073555869 45.45
910 1.113055915954581 45.5
911 1.129474263602589 45.55
912 1.152578418656846 45.6
913 1.179962725739368 45.65000000000001
914 1.211027008822777 45.7
915 1.238853286032702 45.75
916 1.271824254140344 45.8
917 1.303778449163346 45.85
918 1.33301814316606 45.90000000000001
919 1.357610742396411 45.95
920 1.383407805369407 46
921 1.398712083302503 46.05
922 1.411616377999453 46.1
923 1.421498738327312 46.15000000000001
924 1.424701836532946 46.2
925 1.423744935316283 46.25
926 1.419828032115061 46.3
927 1.412968192483091 46.35
928 1.400909949837348 46.40000000000001
929 1.386182550611458 46.45
930 1.370870935038017 46.5
931 1.353482184330742 46.55
932 1.334675260691513 46.6
933 1.314650637482994 46.65000000000001
934 1.293265194072384 46.7
935 1.271067286028998 46.75
936 1.246806175318536 46.8
937 1.222582858971087 46.85
938 1.198073922304089 46.90000000000001
939 1.174482403657366 46.95
940 1.153564783916255 47
941 1.132888050654149 47.05
942 1.106794439191257 47.1
943 1.081488465579969 47.15000000000001
944 1.05971096730639 47.2
945 1.042280787377947 47.25
946 1.029160149275062 47.3
947 1.020731542507113 47.35
948 1.016964245555864 47.40000000000001
949 1.020792235129092 47.45
950 1.031347152245771 47.5
951 1.046260902536301 47.55
952 1.067638951035519 47.6
953 1.091943161539679 47.65000000000001
954 1.118884543366056 47.7
955 1.153640025737374 47.75
956 1.193256923510215 47.8
957 1.234528567462789 47.85
958 1.2727868794449 47.90000000000001
959 1.306306149440142 47.95
960 1.335097004657162 48
961 1.361251435466118 48.05
962 1.387314026557736 48.1
963 1.411876873679167 48.15000000000001
964 1.432692041821156 48.2
965 1.449411617062111 48.25
966 1.459879463360193 48.3
967 1.466026714606382 48.35
968 1.465371613575848 48.40000000000001
969 1.45967613511065 48.45
970 1.450130308794984 48.5
971 1.435479909510599 48.55
972 1.417828225188237 48.6
973 1.397489070745792 48.65000000000001
974 1.374232130104998 48.7
975 1.346539212576787 48.75
976 1.315386483550215 48.8
977 1.279704890883195 48.85
978 1.247448641961175 48.90000000000001
979 1.216656882652989 48.95
980 1.188968207315305 49
981 1.162078442108138 49.05
982 1.142530603264296 49.1
983 1.12606100945548 49.15000000000001
984 1.113052162158699 49.2
985 1.099345641125981 49.25
986 1.088065597720881 49.3
987 1.075109810358243 49.35
988 1.069756274733528 49.40000000000001
989 1.072571709084813 49.45
990 1.075412081435523 49.5
991 1.0794583827592 49.55
992 1.084810577596274 49.6
993 1.088539623574451 49.65000000000001
994 1.096389630759778 49.7
995 1.10057004169422 49.75
996 1.107410486628786 49.8
997 1.119029885809771 49.85
998 1.12751353428648 49.90000000000001
999 1.136381372478681 49.95
1000 1.153860191838658 50
1001 1.177316560037585 50.05
1002 1.19805598217438 50.1
1003 1.219932203724074 50.15000000000001
1004 1.242229525881274 50.2
1005 1.26875976469947 50.25
1006 1.292830885132514 50.3
1007 1.320598281786964 50.35
1008 1.348045510982714 50.40000000000001
1009 1.374116193012833 50.45
1010 1.397539221725721 50.5
1011 1.417549341319262 50.55
1012 1.435739983781481 50.6
1013 1.444805175191115 50.65000000000001
1014 1.450800174714952 50.7
1015 1.451220017576038 50.75
1016 1.447310975050879 50.8
1017 1.439474004647255 50.85
1018 1.428381676837064 50.90000000000001
1019 1.411200394108039 50.95
1020 1.391311466258516 51
1021 1.369614237343186 51.05
1022 1.345905726197699 51.1
1023 1.319192275487049 51.15000000000001
1024 1.29306960137036 51.2
1025 1.265523688547571 51.25
1026 1.239195984772059 51.3
1027 1.211262016566333 51.35
1028 1.185532413025077 51.40000000000001
1029 1.162746558732391 51.45
1030 1.141406993172555 51.5
1031 1.123101562264313 51.55
1032 1.112597885911683 51.6
1033 1.098972218650861 51.65000000000001
1034 1.085877871602326 51.7
1035 1.076886682011819 51.75
1036 1.070924854104957 51.8
1037 1.074512277828803 51.85
1038 1.085219368237105 51.90000000000001
1039 1.100726229659959 51.95
1040 1.111873623347092 52
1041 1.131259839839172 52.05
1042 1.151150511223639 52.1
1043 1.177513896642733 52.15000000000001
1044 1.211771558066329 52.2
1045 1.244656873961654 52.25
1046 1.279654436803642 52.3
1047 1.317698550972173 52.35
1048 1.344338649273697 52.40000000000001
1049 1.367902818691368 52.45
1050 1.388483365324788 52.5
1051 1.411826063756029 52.55
1052 1.430878745577981 52.6
1053 1.44374945860809 52.65000000000001
1054 1.453028426861229 52.7
1055 1.458059065478807 52.75
1056 1.458595438037972 52.8
1057 1.457585211976993 52.85
1058 1.449225129590095 52.90000000000001
1059 1.437137404242472 52.95
1060 1.418224415560359 53
1061 1.392251331967845 53.05
1062 1.362356871348086 53.1
1063 1.330577685727013 53.15000000000001
1064 1.300950455969185 53.2
1065 1.268963807922634 53.25
1066 1.239030507303994 53.3
1067 1.214432840529054 53.35
1068 1.198228407755241 53.40000000000001
1069 1.180434193106147 53.45
1070 1.168852852978488 53.5
1071 1.162646962477057 53.55
1072 1.156052307352153 53.6
1073 1.15297095393481 53.65000000000001
1074 1.145845455579871 53.7
1075 1.140448574387798 53.75
1076 1.137081435810725 53.8
1077 1.133398529660384 53.85
1078 1.131497127954368 53.90000000000001
1079 1.124128141420911 53.95
1080 1.113988453084119 54
1081 1.10592582732852 54.05
1082 1.095007861280429 54.1
1083 1.091231509495567 54.15000000000001
1084 1.090474728395832 54.2
1085 1.087651196375262 54.25
1086 1.086035507899804 54.3
1087 1.099120713232495 54.35
1088 1.123829753264871 54.40000000000001
1089 1.150668797366604 54.45
1090 1.187754212421795 54.5
1091 1.218742747634304 54.55
1092 1.250294459702425 54.6
1093 1.282325225402556 54.65000000000001
1094 1.314934768451234 54.7
1095 1.345208732776585 54.75
1096 1.372189167322627 54.8
1097 1.395284428447704 54.85
1098 1.414850952722512 54.90000000000001
1099 1.432571748112493 54.95
1100 1.445042709384218 55
1101 1.452451434254717 55.05
1102 1.458374415291972 55.1
1103 1.458705253215747 55.15000000000001
1104 1.453738593390882 55.2
1105 1.443783741409646 55.25
1106 1.434415517634441 55.3
1107 1.420946808468694 55.35
1108 1.401210272414427 55.40000000000001
1109 1.380045881710918 55.45
1110 1.355755272683352 55.5
1111 1.330956351314734 55.55
1112 1.304566407139019 55.6
1113 1.272155502172608 55.65000000000001
1114 1.241878633873116 55.7
1115 1.210946232192595 55.75
1116 1.17737148073999 55.8
1117 1.146822656631501 55.85
1118 1.118107522324282 55.90000000000001
1119 1.094051126119876 55.95
1120 1.072292449175478 56
1121 1.050442423580453 56.05
1122 1.030405853827178 56.1
1123 1.014965718218797 56.15000000000001
1124 1.00720103637731 56.2
1125 1.005185051566407 56.25
1126 1.008632848453473 56.3
1127 1.018778840160938 56.35
1128 1.029515303098442 56.40000000000001
1129 1.05010403554579 56.45
1130 1.076638930179177 56.5
1131 1.110510995738516 56.55
1132 1.140710002457387 56.6
1133 1.174105945121226 56.65000000000001
1134 1.208977506902299 56.7
1135 1.251944178333822 56.75
1136 1.29339489328032 56.8
1137 1.329316078108265 56.85
1138 1.356126667351788 56.90000000000001
1139 1.377057976212907 56.95
1140 1.399676363060735 57
1141 1.421283664430628 57.05
1142 1.442325521335096 57.1
1143 1.455085571697384 57.15000000000001
1144 1.462565048522656 57.2
1145 1.462919358369523 57.25
1146 1.462506433395259 57.3
1147 1.45526393683562 57.35
1148 1.448996736164434 57.40000000000001
1149 1.43840706189624 57.45
1150 1.424639867469707 57.5
1151 1.402004477887842 57.55
1152 1.37601535908177 57.6
1153 1.343903459806175 57.65000000000001
1154 1.314582489657445 57.7
1155 1.282455453970426 57.75
1156 1.251806235108595 57.8
1157 1.222020461758691 57.85
1158 1.199919234356173 57.90000000000001
1159 1.1792200403085 57.95
1160 1.164720023035381 58
1161 1.152408971732706 58.05
1162 1.141568549350747 58.1
1163 1.138286955843799 58.15000000000001
1164 1.143649315847896 58.2
1165 1.149691552776385 58.25
1166 1.151666806168039 58.3
1167 1.15355372685386 58.35
1168 1.157978446248538 58.40000000000001
1169 1.16116198010881 58.45
1170 1.159302251530107 58.5
1171 1.158134795441405 58.55
1172 1.152513046416447 58.6
1173 1.141818229374364 58.65000000000001
1174 1.136236118112446 58.7
1175 1.134641291814965 58.75
1176 1.127932903669344 58.8
1177 1.122057016540669 58.85
1178 1.128749649380047 58.90000000000001
1179 1.148237485838986 58.95
1180 1.170058980210056 59
1181 1.192377488819404 59.05
1182 1.218821874829824 59.1
1183 1.245735345980305 59.15000000000001
1184 1.272321415318678 59.2
1185 1.298920728753895 59.25
1186 1.323824944868842 59.3
1187 1.342728272238235 59.35
1188 1.360879390225116 59.40000000000001
1189 1.374064722223165 59.45
1190 1.384940696769435 59.5
1191 1.389852488104432 59.55
1192 1.39387172302102 59.6
1193 1.392986982535683 59.65000000000001
1194 1.387118205428445 59.7
1195 1.376907263246059 59.75
1196 1.364080653729447 59.8
1197 1.347758844933495 59.85
1198 1.32697254179255 59.90000000000001
1199 1.304240693024491 59.95
1200 1.279620104811527 60
