"cl-rfile"
"Time Step" "cl etc.."
("Time Step" "cl" "flow-time")
0 -3.231174267785264e-26 0
1 -0.0003776441506058012 0.05
2 0.007069169919951577 0.1
3 0.005176166564784627 0.15
4 -2.211175558506175e-05 0.2
5 -0.0006826439000481141 0.25
6 0.001933996592007651 0.3
7 0.002161625133450158 0.35
8 0.001705654340600541 0.4
9 0.001794053931276309 0.45
10 0.001387437781382472 0.5
11 0.002054709597268933 0.55
12 0.0007190829950498423 0.6000000000000001
13 0.0008794226860858887 0.65
14 0.001184242559051771 0.7000000000000001
15 0.002126643658973827 0.75
16 0.002632297893362485 0.8
17 0.001008052582250994 0.8500000000000001
18 0.002050409603757405 0.9
19 0.002617728296070693 0.9500000000000001
20 0.003580335472988852 1
21 0.004086842111353938 1.05
22 0.001569333273864108 1.1
23 0.003234220450395372 1.15
24 0.002246008813335547 1.2
25 0.00210004826545111 1.25
26 0.002304106537078983 1.3
27 0.0004198210330172186 1.35
28 0.00420024459102426 1.4
29 0.008116625690993218 1.45
30 0.003886283462424003 1.5
31 0.000420238651009798 1.55
32 -0.007398657073830334 1.6
33 -0.009685025742917752 1.65
34 -0.01274457685101976 1.7
35 -0.01224916554713351 1.75
36 -0.01201031290860357 1.8
37 -0.01713308707922442 1.85
38 -0.01959160140382659 1.9
39 -0.0249746190444726 1.95
40 -0.02724248403359532 2
41 -0.03307208527739805 2.05
42 -0.03754197480660903 2.1
43 -0.04560200957223254 2.15
44 -0.05053848353670043 2.2
45 -0.05738045539098978 2.25
46 -0.06524528745760763 2.3
47 -0.07362979676608285 2.35
48 -0.07455108592282686 2.4
49 -0.07710843077634016 2.45
50 -0.07802157865130883 2.5
51 -0.08104981532482028 2.55
52 -0.08028505906011062 2.6
53 -0.07915670235550921 2.65
54 -0.07652233530640076 2.7
55 -0.07705733660529768 2.75
56 -0.07632288111331897 2.8
57 -0.07642792627883475 2.85
58 -0.07278249761625373 2.9
59 -0.06982300229290886 2.95
60 -0.06621272197861532 3
61 -0.06479896375904087 3.05
62 -0.064233103802108 3.1
63 -0.06046506957066336 3.15
64 -0.05657234398099743 3.2
65 -0.05525656025336503 3.25
66 -0.04991775658101501 3.3
67 -0.04572863744372535 3.35
68 -0.04020720795921342 3.4
69 -0.03947370613321491 3.45
70 -0.03629931422465826 3.5
71 -0.0374875983416659 3.55
72 -0.03546976625376897 3.6
73 -0.04277397559492947 3.65
74 -0.0484816182463509 3.7
75 -0.0559845586285747 3.75
76 -0.06507291926520888 3.8
77 -0.07775494454937298 3.85
78 -0.08981040044148458 3.9
79 -0.1026654640630409 3.95
80 -0.1109510927864455 4
81 -0.122407884937752 4.05
82 -0.1332221783408835 4.100000000000001
83 -0.1445805449464388 4.15
84 -0.1553821493833927 4.2
85 -0.1670336350426531 4.25
86 -0.1754694452329288 4.3
87 -0.1830572585897597 4.350000000000001
88 -0.1912414381461871 4.4
89 -0.1994371210639388 4.45
90 -0.2058268124376548 4.5
91 -0.2125603034125268 4.55
92 -0.2158810431311242 4.600000000000001
93 -0.2217396682209931 4.65
94 -0.2234147285336772 4.7
95 -0.2236498909636269 4.75
96 -0.2262712531234413 4.800000000000001
97 -0.2261382054565708 4.850000000000001
98 -0.2253452831941099 4.9
99 -0.2237181845128389 4.95
100 -0.2209469694736675 5
101 -0.2176257917933186 5.050000000000001
102 -0.2125551793586228 5.100000000000001
103 -0.2091722613943041 5.15
104 -0.2051908000874109 5.2
105 -0.2012047832022492 5.25
106 -0.1979318563388902 5.300000000000001
107 -0.1952286120018434 5.350000000000001
108 -0.1931323996432228 5.4
109 -0.1938007256342248 5.45
110 -0.1911286848096579 5.5
111 -0.1929925796226336 5.550000000000001
112 -0.1933023668035985 5.600000000000001
113 -0.1952351800991303 5.65
114 -0.1964452840525564 5.7
115 -0.2019836736710516 5.75
116 -0.203069746386264 5.800000000000001
117 -0.2089077093884683 5.850000000000001
118 -0.2141071820679397 5.9
119 -0.2198993924857048 5.95
120 -0.2266542647906714 6
121 -0.2348943820192149 6.050000000000001
122 -0.2406566322891956 6.100000000000001
123 -0.2496464375124905 6.15
124 -0.257643555318026 6.2
125 -0.2636075051058526 6.25
126 -0.2704271501578817 6.300000000000001
127 -0.2770607763694924 6.350000000000001
128 -0.2823261426762128 6.4
129 -0.2868049332590745 6.45
130 -0.2928656037987644 6.5
131 -0.2939648575328238 6.550000000000001
132 -0.297626059955048 6.600000000000001
133 -0.3016212650892878 6.65
134 -0.3033055295273325 6.7
135 -0.306599509942298 6.75
136 -0.3106745103219494 6.800000000000001
137 -0.3121379026759674 6.850000000000001
138 -0.3158062718564709 6.9
139 -0.3188658887326483 6.95
140 -0.3217848940648322 7
141 -0.3252148859550782 7.050000000000001
142 -0.3274961436169385 7.100000000000001
143 -0.3284832677423501 7.15
144 -0.3301331865646439 7.2
145 -0.3307417668420639 7.25
146 -0.3314273483278402 7.300000000000001
147 -0.3311571554292776 7.350000000000001
148 -0.3296559852371577 7.4
149 -0.3278654174333781 7.45
150 -0.3257186161906141 7.5
151 -0.3223670917599581 7.550000000000001
152 -0.3175869244939022 7.600000000000001
153 -0.3154134724795373 7.65
154 -0.311072284203423 7.7
155 -0.3070807851673464 7.75
156 -0.3036597336195422 7.800000000000001
157 -0.2987252581413414 7.850000000000001
158 -0.295866196329494 7.9
159 -0.2927062923329339 7.95
160 -0.2886446983171561 8
161 -0.2851537074856973 8.050000000000001
162 -0.2831400060028297 8.1
163 -0.2788647088577895 8.15
164 -0.2747774541703729 8.200000000000001
165 -0.2710192745527857 8.25
166 -0.2661191676318714 8.300000000000001
167 -0.2624623985730594 8.35
168 -0.2574830967124317 8.4
169 -0.2517461553230259 8.450000000000001
170 -0.2473255727522521 8.5
171 -0.242057651776983 8.550000000000001
172 -0.23661486647335 8.6
173 -0.2303493455211771 8.65
174 -0.2221329143083065 8.700000000000001
175 -0.2143254195905251 8.75
176 -0.2031232105402933 8.800000000000001
177 -0.1938454031367137 8.85
178 -0.1818845439697103 8.9
179 -0.1695802497007777 8.950000000000001
180 -0.1560272092325787 9
181 -0.1426750004642985 9.050000000000001
182 -0.1279738124428998 9.1
183 -0.1143094500647054 9.15
184 -0.09934013101637999 9.200000000000001
185 -0.08414925051736626 9.25
186 -0.06888289893739841 9.300000000000001
187 -0.05414933652883848 9.35
188 -0.03756014966556367 9.4
189 -0.02318405491264969 9.450000000000001
190 -0.007554244832646763 9.5
191 0.006586285059286231 9.550000000000001
192 0.02157233385504504 9.600000000000001
193 0.03548762962398004 9.65
194 0.05039177055576698 9.700000000000001
195 0.06547034892810631 9.75
196 0.0810568603276418 9.800000000000001
197 0.09508660003564363 9.850000000000001
198 0.1094465693653878 9.9
199 0.1236187779396247 9.950000000000001
200 0.1368929075947481 10
201 0.1526841775281926 10.05
202 0.1667660204227484 10.1
203 0.1816658903398633 10.15
204 0.1966538338779381 10.2
205 0.2108265483491146 10.25
206 0.2252600541430871 10.3
207 0.2412250637908367 10.35
208 0.256296712635957 10.4
209 0.2710355270289851 10.45
210 0.2850707055554194 10.5
211 0.2991042364319026 10.55
212 0.3116163586477542 10.6
213 0.3254772553871106 10.65
214 0.3375080453759404 10.7
215 0.3498774202208325 10.75
216 0.3613787575886576 10.8
217 0.3726742879032922 10.85
218 0.3830698247793763 10.9
219 0.393685700968754 10.95
220 0.4048762820377489 11
221 0.4146929313182656 11.05
222 0.4267239529012853 11.1
223 0.4362764177168285 11.15
224 0.4479975251810941 11.2
225 0.4587235959532969 11.25
226 0.4692399693079304 11.3
227 0.4809588105675292 11.35
228 0.491238885418237 11.4
229 0.5029665903448355 11.45
230 0.513801092284661 11.5
231 0.5249860808541339 11.55
232 0.5364030881197599 11.6
233 0.5473956697002846 11.65
234 0.5590392152273984 11.7
235 0.5694398284916734 11.75
236 0.5798381916721382 11.8
237 0.5893335651541596 11.85
238 0.6000605204131974 11.9
239 0.6101504262573163 11.95
240 0.6194320064389137 12
241 0.6272181272082434 12.05
242 0.6347882897424479 12.1
243 0.6418709795462187 12.15
244 0.6488182936488309 12.2
245 0.6557283079166063 12.25
246 0.6608170296986647 12.3
247 0.6649166217937413 12.35
248 0.669484223414608 12.4
249 0.6721951152873508 12.45
250 0.6746737215372566 12.5
251 0.675903737327836 12.55
252 0.6782023577697867 12.6
253 0.6776920309428952 12.65
254 0.6755853619643746 12.7
255 0.6733569943643372 12.75
256 0.6669950443075828 12.8
257 0.6630294728333215 12.85
258 0.6572662087900748 12.9
259 0.6488148479210859 12.95
260 0.6423378960844529 13
261 0.6320444379104323 13.05
262 0.6208494656085444 13.1
263 0.6094412347461825 13.15
264 0.595171671190591 13.2
265 0.5790291858203466 13.25
266 0.5616814474593942 13.3
267 0.542717377021442 13.35
268 0.5221503914967031 13.4
269 0.5005692810771805 13.45
270 0.4765063087094145 13.5
271 0.4503171554969637 13.55
272 0.423449673684624 13.6
273 0.3936060914580574 13.65
274 0.362029250827903 13.7
275 0.329703812826946 13.75
276 0.2949099737031194 13.8
277 0.2590697671572885 13.85
278 0.2218139064420021 13.9
279 0.1846378320595711 13.95
280 0.1462596899968332 14
281 0.1059853141964389 14.05
282 0.06609960690322861 14.1
283 0.02472790280433541 14.15
284 -0.01635377843267869 14.2
285 -0.05890278179962904 14.25
286 -0.1037498343467687 14.3
287 -0.1504955762389945 14.35
288 -0.1977343925885358 14.4
289 -0.2446625021082347 14.45
290 -0.2909845351850767 14.5
291 -0.3375133783352382 14.55
292 -0.3851562442676629 14.6
293 -0.4325628050557334 14.65
294 -0.4799600754406559 14.7
295 -0.5262849086216372 14.75
296 -0.5722007666733054 14.8
297 -0.6159960444702002 14.85
298 -0.6581120713205897 14.9
299 -0.7014603960599418 14.95
300 -0.743025653310597 15
301 -0.7827113988359989 15.05
302 -0.8182735536187796 15.1
303 -0.8523335424830588 15.15
304 -0.8839070509978201 15.2
305 -0.9124951315086519 15.25
306 -0.939381425334192 15.3
307 -0.9630790974323097 15.35
308 -0.9840017569207983 15.4
309 -1.000890315553794 15.45
310 -1.014813157262602 15.5
311 -1.024701863077907 15.55
312 -1.031871538359736 15.6
313 -1.034355273424203 15.65
314 -1.032107453544932 15.7
315 -1.02357720787915 15.75
316 -1.011041352477197 15.8
317 -0.9952507876511245 15.85
318 -0.9740440679033495 15.9
319 -0.9503701347595612 15.95
320 -0.918759884805224 16
321 -0.8839453400281563 16.05
322 -0.8446512512756283 16.1
323 -0.8010627350430458 16.15
324 -0.7540184282915687 16.2
325 -0.7034038183131854 16.25
326 -0.6497395839187371 16.3
327 -0.5947694513445722 16.35
328 -0.534692523960047 16.4
329 -0.4748818044642553 16.45
330 -0.4142071941229408 16.5
331 -0.3504651272686466 16.55
332 -0.2853695496394622 16.6
333 -0.2185746787208082 16.65
334 -0.1517119170344701 16.7
335 -0.08412310084558691 16.75
336 -0.01268228988962861 16.8
337 0.05900016230280201 16.85
338 0.1316594362596542 16.9
339 0.2074821882543695 16.95
340 0.2764539475758184 17
341 0.3503554112268711 17.05
342 0.4198851715140755 17.1
343 0.4879652078363258 17.15
344 0.5553496241732259 17.2
345 0.618209038200943 17.25
346 0.6781219661013298 17.3
347 0.7351640175929238 17.35
348 0.7857052420848962 17.4
349 0.8310345371777268 17.45
350 0.8702848114440324 17.5
351 0.9089841530790896 17.55
352 0.940268963120601 17.6
353 0.9687478955614514 17.65
354 0.9906213823958374 17.7
355 1.008633578588217 17.75
356 1.022467851639725 17.8
357 1.02988632634172 17.85
358 1.035114898669438 17.9
359 1.032521795972805 17.95
360 1.027172578365925 18
361 1.015850467053476 18.05
362 1.005121630832215 18.1
363 0.9873019728807162 18.15
364 0.9693074578116672 18.2
365 0.9485891235226721 18.25
366 0.9244054608889286 18.3
367 0.898607530691123 18.35
368 0.8691901174749399 18.4
369 0.8392340112856781 18.45
370 0.8063888865109083 18.5
371 0.7727401391093927 18.55
372 0.7365354932327423 18.6
373 0.6972990926964672 18.65
374 0.6575650644450453 18.7
375 0.6139136015344632 18.75
376 0.5678345195073847 18.8
377 0.5201524115454303 18.85
378 0.4702839322954341 18.9
379 0.4169391629803615 18.95
380 0.3641707390178375 19
381 0.3081171653384687 19.05
382 0.2495955113965432 19.1
383 0.189280514400905 19.15
384 0.1248675710273966 19.2
385 0.06073115443898021 19.25
386 -0.001140445242745681 19.3
387 -0.06647535367752384 19.35
388 -0.1325889639532054 19.4
389 -0.2012814371218886 19.45
390 -0.2727458194336921 19.5
391 -0.3458148687096963 19.55
392 -0.418963239331455 19.6
393 -0.4928764691653487 19.65
394 -0.5683786060489012 19.7
395 -0.642291002665253 19.75
396 -0.7133686991111351 19.8
397 -0.781968654813849 19.85
398 -0.8478114247283396 19.9
399 -0.9124495770635417 19.95
400 -0.9688122069430226 20
401 -1.020522543155216 20.05
402 -1.065622791404126 20.1
403 -1.107931829478273 20.15
404 -1.139921930855882 20.2
405 -1.165422392342422 20.25
406 -1.187768539677811 20.3
407 -1.205761790895662 20.35
408 -1.219019245473055 20.4
409 -1.226398973058866 20.45
410 -1.229878313654962 20.5
411 -1.225764201675731 20.55
412 -1.219139884392572 20.6
413 -1.207060629155087 20.65
414 -1.191519784897353 20.7
415 -1.174302783070172 20.75
416 -1.151925617063852 20.8
417 -1.124613012117903 20.85
418 -1.091244083250482 20.9
419 -1.05215433827432 20.95
420 -1.008876559770495 21
421 -0.9605052854018483 21.05
422 -0.9094834319700875 21.1
423 -0.8519984207485036 21.15
424 -0.7931552410667341 21.2
425 -0.7266613376131708 21.25
426 -0.6571303378822949 21.3
427 -0.582460191482623 21.35
428 -0.5050838333637939 21.4
429 -0.4194806462786068 21.45
430 -0.3346679810134728 21.5
431 -0.2427202368269003 21.55
432 -0.1513405813795081 21.6
433 -0.05576556708375726 21.65
434 0.039152060842117 21.7
435 0.1354024231327382 21.75
436 0.2281748230909942 21.8
437 0.3200650922960701 21.85
438 0.408042714900345 21.9
439 0.4938141648244441 21.95
440 0.5785236704401844 22
441 0.6554536895147817 22.05
442 0.7301974194456229 22.1
443 0.8016484696014294 22.15
444 0.8661078928418626 22.2
445 0.9212458138036813 22.25
446 0.9767027651173943 22.3
447 1.019524329064022 22.35
448 1.062759021164265 22.4
449 1.096000934788506 22.45
450 1.123400673069938 22.5
451 1.148961200508537 22.55
452 1.166803551767714 22.6
453 1.180257978942927 22.65
454 1.189117071650897 22.7
455 1.192160398970146 22.75
456 1.18932775299301 22.8
457 1.182662918978269 22.85
458 1.168219116032032 22.9
459 1.153071521917686 22.95
460 1.132681103927878 23
461 1.107702995407586 23.05
462 1.077807473187705 23.1
463 1.04299159331248 23.15
464 1.008151743587469 23.2
465 0.9716119424759859 23.25
466 0.9285172413273279 23.3
467 0.8789665187372063 23.35
468 0.8261021105636632 23.4
469 0.7719175639482871 23.45
470 0.7110309222730641 23.5
471 0.648768201453939 23.55
472 0.5844316528131349 23.6
473 0.5192192922366352 23.65
474 0.4484001684155243 23.7
475 0.3684560624941776 23.75
476 0.2879805730121002 23.8
477 0.2028227565572385 23.85
478 0.1208010436475428 23.9
479 0.03556969284551362 23.95
480 -0.05540295030804064 24
481 -0.1493217207535274 24.05
482 -0.2467354099606416 24.1
483 -0.3475508564326624 24.15
484 -0.4469666211822749 24.2
485 -0.5420736641526501 24.25
486 -0.6326422540346333 24.3
487 -0.7175613367788577 24.35
488 -0.8039179027799221 24.4
489 -0.8847156606314315 24.45
490 -0.9571488356750003 24.5
491 -1.020185127798496 24.55
492 -1.082230413878385 24.6
493 -1.135233586677644 24.65
494 -1.181412081194433 24.7
495 -1.221256786196673 24.75
496 -1.255521938746277 24.8
497 -1.281945523539805 24.85
498 -1.307040929971398 24.9
499 -1.326645996193859 24.95
500 -1.338058214613087 25
501 -1.342381847595392 25.05
502 -1.341309084439289 25.1
503 -1.335991946924506 25.15
504 -1.328483587452884 25.2
505 -1.320560050312786 25.25
506 -1.304072946114887 25.3
507 -1.286027621155118 25.35
508 -1.262838240049844 25.4
509 -1.235783723498511 25.45
510 -1.199818931864684 25.5
511 -1.156876307679295 25.55
512 -1.108036470982039 25.6
513 -1.052950339135143 25.65
514 -0.9878395397117199 25.7
515 -0.9218991938921897 25.75
516 -0.844023675544297 25.8
517 -0.7603595179252172 25.85
518 -0.6713343902880293 25.9
519 -0.5793505096962106 25.95
520 -0.4813706870588952 26
521 -0.3746982333333609 26.05
522 -0.2673950360304713 26.1
523 -0.1607531117229035 26.15
524 -0.05757307875527128 26.2
525 0.04584597850273991 26.25
526 0.1504053672952092 26.3
527 0.2454049760667478 26.35
528 0.3423422019972365 26.4
529 0.4352169886913194 26.45
530 0.5233891402743112 26.5
531 0.6058914426614685 26.55
532 0.6816354734441168 26.6
533 0.7528028626796935 26.65
534 0.8238912765859372 26.7
535 0.8909925768733864 26.75
536 0.9536393138603946 26.8
537 1.01090088662775 26.85
538 1.06114973347592 26.9
539 1.107474831738206 26.95
540 1.14602809678598 27
541 1.178788928259406 27.05
542 1.206986893680186 27.1
543 1.229430721661446 27.15
544 1.249256388977084 27.2
545 1.263058330588914 27.25
546 1.267159636864752 27.3
547 1.266655886179151 27.35
548 1.26314673791697 27.4
549 1.253552179354802 27.45
550 1.243853772919318 27.5
551 1.22503317778454 27.55
552 1.205746461284522 27.6
553 1.182873243741886 27.65
554 1.156881521632792 27.7
555 1.124258411612686 27.75
556 1.090365708755997 27.8
557 1.050788142502174 27.85
558 1.006902203327258 27.9
559 0.9595345660024384 27.95
560 0.9139237261118862 28
561 0.8597361079786804 28.05
562 0.8060712362104068 28.1
563 0.7447943579268592 28.15
564 0.6833218082836165 28.2
565 0.6156837463185385 28.25
566 0.5416611296091648 28.3
567 0.4662105477621744 28.35
568 0.3846755822904918 28.4
569 0.2962324165791878 28.45
570 0.2067995335786476 28.5
571 0.1145331537583659 28.55
572 0.01758124303289553 28.6
573 -0.08446509452018766 28.65
574 -0.1912498673350831 28.7
575 -0.3014683893906737 28.75
576 -0.4048999944098637 28.8
577 -0.5033061604762755 28.85
578 -0.6040102763145199 28.9
579 -0.7008681164018685 28.95
580 -0.791971690191152 29
581 -0.8771216228920544 29.05
582 -0.9540370947308541 29.1
583 -1.022845791655841 29.15
584 -1.081773264663129 29.2
585 -1.140731865857803 29.25
586 -1.185938559825685 29.3
587 -1.224401029019333 29.35
588 -1.255850221713241 29.4
589 -1.283420222026107 29.45
590 -1.302161287080664 29.5
591 -1.313607819074115 29.55
592 -1.315527928463138 29.6
593 -1.316069229804916 29.65
594 -1.314188619183013 29.7
595 -1.306560971353145 29.75
596 -1.293574249154842 29.8
597 -1.280844996137276 29.85
598 -1.260425882585264 29.9
599 -1.231682815998551 29.95
600 -1.202291680965615 30
601 -1.166888748998718 30.05
602 -1.126671937244826 30.1
603 -1.074154348048068 30.15
604 -1.018647303468063 30.2
605 -0.9576716953975811 30.25
606 -0.8917048269115191 30.3
607 -0.8138763220928793 30.35
608 -0.7316705090152559 30.4
609 -0.6457267412073574 30.45
610 -0.554776451387738 30.5
611 -0.4596804494433301 30.55
612 -0.357750047727154 30.6
613 -0.2552475109831984 30.65
614 -0.153763133045922 30.7
615 -0.04672267320488005 30.75
616 0.05316620837513659 30.8
617 0.1537974791092622 30.85
618 0.2470554286848698 30.9
619 0.3397767047415799 30.95
620 0.4302606565510953 31
621 0.515903522914132 31.05
622 0.6059087193637266 31.1
623 0.6772200238599778 31.15
624 0.7466717298495315 31.2
625 0.8122124845464034 31.25
626 0.8785327176484617 31.3
627 0.9373889156795076 31.35
628 0.9922529117124214 31.4
629 1.036611786220758 31.45
630 1.081189288126094 31.5
631 1.11833592419477 31.55
632 1.14701597324735 31.6
633 1.172970620942122 31.65
634 1.190622655605881 31.7
635 1.206856663349748 31.75
636 1.217973692326594 31.8
637 1.221298169717701 31.85
638 1.221974928022957 31.9
639 1.213681309717294 31.95
640 1.204657277421981 32
641 1.192139167485467 32.05
642 1.171214868609459 32.1
643 1.146576243265588 32.15
644 1.116571141340607 32.2
645 1.08323271077351 32.25
646 1.045920463669256 32.3
647 1.001630262533261 32.35
648 0.9596078089942963 32.4
649 0.9099046785598295 32.45
650 0.8577085771351398 32.5
651 0.7996548824578887 32.55
652 0.7406795712287987 32.6
653 0.6732439721916124 32.65
654 0.605934937138044 32.7
655 0.5317559537779019 32.75
656 0.4580914807634517 32.8
657 0.3777096238225117 32.85
658 0.2955234846133308 32.9
659 0.210892255593177 32.95
660 0.1174676886008302 33
661 0.02170812300986009 33.05
662 -0.08046708798645198 33.1
663 -0.1827165364471265 33.15
664 -0.2928593647704379 33.2
665 -0.4007147913334248 33.25
666 -0.5022881831924213 33.3
667 -0.6047006713735551 33.35
668 -0.6973676510915989 33.4
669 -0.7876933859235679 33.45
670 -0.8767289876893938 33.5
671 -0.9555067252824812 33.55
672 -1.028009446411119 33.6
673 -1.091701930283933 33.65
674 -1.15360702743632 33.7
675 -1.207291468461991 33.75
676 -1.249277168806752 33.8
677 -1.2838980700357 33.85
678 -1.309684193115853 33.9
679 -1.333045840084091 33.95
680 -1.348742490817332 34
681 -1.357973324167918 34.05
682 -1.359534053749669 34.1
683 -1.355505606247506 34.15
684 -1.350994927161588 34.2
685 -1.34157356511948 34.25
686 -1.325922977976847 34.3
687 -1.309485773848616 34.35
688 -1.286272143927442 34.4
689 -1.259407346854609 34.45
690 -1.222606191300297 34.5
691 -1.182179020197291 34.55
692 -1.136080612315596 34.6
693 -1.082699464609884 34.65
694 -1.027400550554593 34.7
695 -0.9692897641233602 34.75
696 -0.901935921788548 34.8
697 -0.823246706658133 34.85
698 -0.7441886219761307 34.9
699 -0.6626207575562955 34.95
700 -0.5780775318569734 35
701 -0.4934021380633092 35.05
702 -0.3933170981120915 35.1
703 -0.296116477437917 35.15
704 -0.2002949120175224 35.2
705 -0.1083858972699735 35.25
706 -0.01670379402408781 35.3
707 0.07727764316267179 35.35
708 0.1737309612987374 35.4
709 0.2664525755574521 35.45
710 0.3563603701274066 35.5
711 0.4422672930880977 35.55
712 0.5239802830996806 35.6
713 0.59861856367652 35.65
714 0.6716168619311853 35.7
715 0.7439128816530703 35.75
716 0.8135342974243756 35.8
717 0.8835267413144352 35.85
718 0.949659491748661 35.9
719 1.009831518972124 35.95
720 1.066160993416863 36
721 1.118880254150476 36.05
722 1.163594874863215 36.1
723 1.196934883256659 36.15
724 1.227146202726987 36.2
725 1.254020265310599 36.25
726 1.27303079061616 36.3
727 1.288403118924552 36.35
728 1.295560138880491 36.4
729 1.30256599121193 36.45
730 1.308757161339583 36.5
731 1.308448374420113 36.55
732 1.304088155245209 36.6
733 1.297924827628586 36.65
734 1.286086923832325 36.7
735 1.273629017124809 36.75
736 1.258458927713832 36.8
737 1.24587759047028 36.85
738 1.224627242894853 36.9
739 1.206118009109843 36.95
740 1.182693456720717 37
741 1.158894127839665 37.05
742 1.131029782146028 37.1
743 1.100898317143763 37.15
744 1.068601438857821 37.2
745 1.033549109493859 37.25
746 0.9969198154051588 37.3
747 0.9586310791707373 37.35
748 0.9164966209372257 37.4
749 0.8695196448246904 37.45
750 0.8194829592276404 37.5
751 0.7632263993761836 37.55
752 0.7051303728630754 37.6
753 0.6426816461390118 37.65
754 0.5765478954694895 37.7
755 0.5020162463317406 37.75
756 0.4188767902715422 37.8
757 0.3339790803201117 37.85
758 0.2426565303561853 37.9
759 0.1500870347153535 37.95
760 0.05146963540023263 38
761 -0.05015985226630942 38.05
762 -0.1536982218102262 38.1
763 -0.2512747149859098 38.15
764 -0.3466335528705434 38.2
765 -0.4443129191393295 38.25
766 -0.5415876099591264 38.3
767 -0.6377730449939932 38.35
768 -0.7285676004769306 38.40000000000001
769 -0.8134745777436415 38.45
770 -0.8940734428470829 38.5
771 -0.9713522528750234 38.55
772 -1.038214204924118 38.6
773 -1.101466391256469 38.65000000000001
774 -1.159573603097708 38.7
775 -1.20923525770988 38.75
776 -1.250346178574796 38.8
777 -1.289146379496626 38.85
778 -1.314252433661987 38.90000000000001
779 -1.334959829107683 38.95
780 -1.349346887293928 39
781 -1.36223731067059 39.05
782 -1.367962379541229 39.1
783 -1.36769293346433 39.15000000000001
784 -1.360309749681815 39.2
785 -1.352502947912292 39.25
786 -1.342161432922438 39.3
787 -1.327733118214006 39.35
788 -1.309392927490525 39.40000000000001
789 -1.287787180196739 39.45
790 -1.262220648309885 39.5
791 -1.229204872418933 39.55
792 -1.188975153364001 39.6
793 -1.146075800499828 39.65000000000001
794 -1.097641091876926 39.7
795 -1.045431592916614 39.75
796 -0.9886667372915358 39.8
797 -0.9235519113296711 39.85
798 -0.8528648323504838 39.90000000000001
799 -0.7698103745357598 39.95
800 -0.6820945893223538 40
801 -0.588620777710081 40.05
802 -0.4890096032884163 40.1
803 -0.3820418939516566 40.15000000000001
804 -0.2689243800954676 40.2
805 -0.1523690529349484 40.25
806 -0.03891398396550366 40.3
807 0.07269120572017812 40.35
808 0.1796051593001066 40.40000000000001
809 0.2842243707677483 40.45
810 0.3827956699268533 40.5
811 0.4788615748288739 40.55
812 0.575199415634381 40.6
813 0.6589271499722531 40.65000000000001
814 0.7321675017334611 40.7
815 0.8034326297702461 40.75
816 0.8720106055913347 40.8
817 0.9341583563246398 40.85
818 0.9864922663854293 40.90000000000001
819 1.038200906853734 40.95
820 1.08826685942759 41
821 1.125732292925104 41.05
822 1.155965070946308 41.1
823 1.181288374170278 41.15000000000001
824 1.203654344055578 41.2
825 1.218794790673844 41.25
826 1.227057278744264 41.3
827 1.230768869551005 41.35
828 1.229822463875448 41.40000000000001
829 1.222720266661475 41.45
830 1.212242104399011 41.5
831 1.194898518616307 41.55
832 1.176770209478206 41.6
833 1.158643068700512 41.65000000000001
834 1.136014341212462 41.7
835 1.109135422570165 41.75
836 1.078001872449623 41.8
837 1.045398655940006 41.85
838 1.008957079325817 41.90000000000001
839 0.9700452017829485 41.95
840 0.9264065750713228 42
841 0.8814433144822009 42.05
842 0.8286017009907259 42.1
843 0.7776387167056416 42.15000000000001
844 0.7215157883956939 42.2
845 0.6628021975242364 42.25
846 0.5956934235914932 42.3
847 0.528793846257668 42.35
848 0.4623167889448321 42.40000000000001
849 0.389803754895698 42.45
850 0.3120702902896671 42.5
851 0.2264502709331594 42.55
852 0.1391538251036255 42.6
853 0.04696263446764042 42.65000000000001
854 -0.05303998406975338 42.7
855 -0.1552744139512402 42.75
856 -0.2526742798191328 42.8
857 -0.3497392127694794 42.85
858 -0.4442890232210353 42.90000000000001
859 -0.5394592761151111 42.95
860 -0.6288300555031605 43
861 -0.7114963363273723 43.05
862 -0.7911482045107056 43.1
863 -0.8651195622237424 43.15000000000001
864 -0.9317708890477863 43.2
865 -0.9884941130357741 43.25
866 -1.047290464916164 43.3
867 -1.098182956300552 43.35
868 -1.138436387154711 43.40000000000001
869 -1.172044306404396 43.45
870 -1.203585790195858 43.5
871 -1.229959341632495 43.55
872 -1.25023772948497 43.6
873 -1.26428385335263 43.65000000000001
874 -1.273196898239129 43.7
875 -1.275927851893072 43.75
876 -1.276239893090644 43.8
877 -1.272557259414391 43.85
878 -1.265119169872035 43.90000000000001
879 -1.251553559192967 43.95
880 -1.231472102012612 44
881 -1.207804547789184 44.05
882 -1.183536398153924 44.1
883 -1.153649221242802 44.15000000000001
884 -1.118402323743101 44.2
885 -1.077413743778911 44.25
886 -1.033465287453974 44.3
887 -0.9824053179995718 44.35
888 -0.9268366065335821 44.40000000000001
889 -0.8635709994873487 44.45
890 -0.7948941142037559 44.5
891 -0.7218707951378835 44.55
892 -0.6438950871928093 44.6
893 -0.5576686814437191 44.65000000000001
894 -0.4656220864382817 44.7
895 -0.3706586553618103 44.75
896 -0.2705394015700118 44.8
897 -0.165217170292001 44.85
898 -0.06160816989931942 44.90000000000001
899 0.04113677038741864 44.95
900 0.14540267156698 45
901 0.2489905458332349 45.05
902 0.3433985762454174 45.1
903 0.43284810964858 45.15000000000001
904 0.5232122180446342 45.2
905 0.6079746673037364 45.25
906 0.6872846190234029 45.3
907 0.7600659237115275 45.35
908 0.8293425760197114 45.40000000000001
909 0.8933226691812244 45.45
910 0.9556874743204946 45.5
911 1.016397648975585 45.55
912 1.067160905346105 45.6
913 1.111414657103955 45.65000000000001
914 1.149406078440956 45.7
915 1.182657959800066 45.75
916 1.210361235849751 45.8
917 1.23646538103535 45.85
918 1.253601648027971 45.90000000000001
919 1.267518159691249 45.95
920 1.272637955460356 46
921 1.274683132428828 46.05
922 1.273754313255709 46.1
923 1.266459746543418 46.15000000000001
924 1.253814606319369 46.2
925 1.236096860637314 46.25
926 1.217987043420069 46.3
927 1.198166359067889 46.35
928 1.173069202319769 46.40000000000001
929 1.147300947257881 46.45
930 1.118552600323053 46.5
931 1.083732516775126 46.55
932 1.04477319210157 46.6
933 1.00303388034342 46.65000000000001
934 0.9584244844071288 46.7
935 0.9100157664740097 46.75
936 0.8578331031946611 46.8
937 0.7999976642915182 46.85
938 0.740398069545894 46.90000000000001
939 0.6746311344560729 46.95
940 0.6049373898477631 47
941 0.532296875265272 47.05
942 0.4557989167195083 47.1
943 0.3774992849958867 47.15000000000001
944 0.2915502670739971 47.2
945 0.1985195370750858 47.25
946 0.09938693651390908 47.3
947 -0.005297471379412117 47.35
948 -0.1163108266328766 47.40000000000001
949 -0.2273777992135906 47.45
950 -0.3355619810228561 47.5
951 -0.4422326298879146 47.55
952 -0.5438827059461619 47.6
953 -0.6445646875781076 47.65000000000001
954 -0.7397370054400568 47.7
955 -0.8287214450389916 47.75
956 -0.9082022851541277 47.8
957 -0.978861015673453 47.85
958 -1.046260317688368 47.90000000000001
959 -1.105729933116426 47.95
960 -1.154989362456439 48
961 -1.197563378915718 48.05
962 -1.23137575579499 48.1
963 -1.258530952065991 48.15000000000001
964 -1.280352048830619 48.2
965 -1.292979522938611 48.25
966 -1.298798159335908 48.3
967 -1.301581339725313 48.35
968 -1.298016676648836 48.40000000000001
969 -1.291886055045272 48.45
970 -1.27804314457575 48.5
971 -1.262055561605808 48.55
972 -1.237984155115834 48.6
973 -1.211626438153944 48.65000000000001
974 -1.183071929075366 48.7
975 -1.147577336620692 48.75
976 -1.107536602962369 48.8
977 -1.056759434780391 48.85
978 -1.001743293621828 48.90000000000001
979 -0.9440793086374406 48.95
980 -0.8761230354931074 49
981 -0.8016600232794885 49.05
982 -0.7240890859787691 49.1
983 -0.6430179836458673 49.15000000000001
984 -0.557595120601843 49.2
985 -0.4639756012783744 49.25
986 -0.3630988369941293 49.3
987 -0.2607536379282098 49.35
988 -0.1552615852796955 49.40000000000001
989 -0.0493232129024597 49.45
990 0.05486380132828335 49.5
991 0.1613792174761157 49.55
992 0.2634812304565751 49.6
993 0.363545618335409 49.65000000000001
994 0.461363586894544 49.7
995 0.557114805996989 49.75
996 0.645224169791528 49.8
997 0.7314548259660419 49.85
998 0.8093081398254487 49.90000000000001
999 0.8854602244013914 49.95
1000 0.9563531607863938 50
1001 1.020487059311548 50.05
1002 1.075711649650731 50.1
1003 1.126031704363527 50.15000000000001
1004 1.173774377700139 50.2
1005 1.213655861728459 50.25
1006 1.242175845630282 50.3
1007 1.264765511758625 50.35
1008 1.281577706812738 50.40000000000001
1009 1.294217004431672 50.45
1010 1.301431108986624 50.5
1011 1.302427482519849 50.55
1012 1.296081216911248 50.6
1013 1.289417188130062 50.65000000000001
1014 1.278499220339832 50.7
1015 1.258925325816453 50.75
1016 1.235886980821147 50.8
1017 1.211785218148874 50.85
1018 1.184618563586574 50.90000000000001
1019 1.149970521098304 50.95
1020 1.113015004514126 51
1021 1.072133824229958 51.05
1022 1.026409563311125 51.1
1023 0.9758862506804311 51.15000000000001
1024 0.9239153530738843 51.2
1025 0.8634843116932769 51.25
1026 0.8026278734417761 51.3
1027 0.7375964274022977 51.35
1028 0.668123518034654 51.40000000000001
1029 0.5906194007312918 51.45
1030 0.5060947128874531 51.5
1031 0.422413112926727 51.55
1032 0.3282833616101101 51.6
1033 0.2326777420422268 51.65000000000001
1034 0.1332479106168603 51.7
1035 0.02990666168203307 51.75
1036 -0.07459151025337682 51.8
1037 -0.1835100868509529 51.85
1038 -0.2971506500427232 51.90000000000001
1039 -0.4117647398912386 51.95
1040 -0.5219873458852545 52
1041 -0.6236941701352808 52.05
1042 -0.7191612977112571 52.1
1043 -0.8120846831247337 52.15000000000001
1044 -0.903120852208543 52.2
1045 -0.9790969639086072 52.25
1046 -1.048765277247766 52.3
1047 -1.110563285418469 52.35
1048 -1.166556792774719 52.40000000000001
1049 -1.207820910219567 52.45
1050 -1.241800369427637 52.5
1051 -1.273751527221135 52.55
1052 -1.295189759575323 52.6
1053 -1.308878286083429 52.65000000000001
1054 -1.315011993907809 52.7
1055 -1.314404981094323 52.75
1056 -1.309706649056211 52.8
1057 -1.301347134852897 52.85
1058 -1.290164744511802 52.90000000000001
1059 -1.272368004639871 52.95
1060 -1.251168998790106 53
1061 -1.224688496069419 53.05
1062 -1.188535788368924 53.1
1063 -1.147690359723102 53.15000000000001
1064 -1.098877327045031 53.2
1065 -1.044700400242341 53.25
1066 -0.9850357360309905 53.3
1067 -0.9161490545574799 53.35
1068 -0.8398941781343346 53.40000000000001
1069 -0.7578909231163671 53.45
1070 -0.6691838036840925 53.5
1071 -0.5779152304619786 53.55
1072 -0.4858293154607198 53.6
1073 -0.3877984560457775 53.65000000000001
1074 -0.2829471284810612 53.7
1075 -0.1798504630953894 53.75
1076 -0.07509326123520776 53.8
1077 0.0276549975319596 53.85
1078 0.1259388908932878 53.90000000000001
1079 0.2204825681325902 53.95
1080 0.3150364946209711 54
1081 0.4105450158143095 54.05
1082 0.5014963244738215 54.1
1083 0.5937316522662652 54.15000000000001
1084 0.6765210273218031 54.2
1085 0.7516947171212741 54.25
1086 0.8242138661659478 54.3
1087 0.894269074608505 54.35
1088 0.9626590708037387 54.40000000000001
1089 1.0231044024051 54.45
1090 1.081074200959713 54.5
1091 1.135394453244219 54.55
1092 1.181198023852158 54.6
1093 1.223858724180125 54.65000000000001
1094 1.256955797001185 54.7
1095 1.279524660099386 54.75
1096 1.299157708283905 54.8
1097 1.31441383957224 54.85
1098 1.321993203955246 54.90000000000001
1099 1.323009751459758 54.95
1100 1.319861873116282 55
1101 1.313324048443393 55.05
1102 1.304542049353951 55.1
1103 1.294797517141165 55.15000000000001
1104 1.276245743152533 55.2
1105 1.254658646411881 55.25
1106 1.228097652957018 55.3
1107 1.199094607860301 55.35
1108 1.16606231914781 55.40000000000001
1109 1.130811538234908 55.45
1110 1.094504137445313 55.5
1111 1.052810607589985 55.55
1112 1.006540398442346 55.6
1113 0.9574479342111131 55.65000000000001
1114 0.9032771393010632 55.7
1115 0.8488409319394311 55.75
1116 0.7879758533535659 55.8
1117 0.7222033561708123 55.85
1118 0.6508427189712646 55.90000000000001
1119 0.5709630210314162 55.95
1120 0.4881311972876841 56
1121 0.4027479084199171 56.05
1122 0.3105905588803793 56.1
1123 0.2150969947016574 56.15000000000001
1124 0.1159914044932152 56.2
1125 0.01172176633095409 56.25
1126 -0.09627795343040013 56.3
1127 -0.2072905897531533 56.35
1128 -0.3193700489905074 56.40000000000001
1129 -0.4250174460038865 56.45
1130 -0.531098860726636 56.5
1131 -0.6325296106418202 56.55
1132 -0.7275229965689713 56.6
1133 -0.8232514588955526 56.65000000000001
1134 -0.9105711320530357 56.7
1135 -0.9872349374901069 56.75
1136 -1.055908611214884 56.8
1137 -1.121481633747839 56.85
1138 -1.183734599029034 56.90000000000001
1139 -1.230833796469332 56.95
1140 -1.271374664824288 57
1141 -1.306402602716496 57.05
1142 -1.331766985639949 57.1
1143 -1.347066651833197 57.15000000000001
1144 -1.355399967297333 57.2
1145 -1.358619124352542 57.25
1146 -1.354783743726882 57.3
1147 -1.346775131031749 57.35
1148 -1.335956205120881 57.40000000000001
1149 -1.319600784714295 57.45
1150 -1.296600347588358 57.5
1151 -1.273740395334715 57.55
1152 -1.239606145795055 57.6
1153 -1.205396154086703 57.65000000000001
1154 -1.162600477776055 57.7
1155 -1.113524141280731 57.75
1156 -1.05481507507111 57.8
1157 -0.9888927734831452 57.85
1158 -0.9124904369385807 57.90000000000001
1159 -0.8307516025282616 57.95
1160 -0.7441161782293881 58
1161 -0.6532102779920652 58.05
1162 -0.5557341057104663 58.1
1163 -0.4585452586330119 58.15000000000001
1164 -0.35437092245743 58.2
1165 -0.2412148614526344 58.25
1166 -0.128920047028019 58.3
1167 -0.01857458916660906 58.35
1168 0.08945723175072538 58.40000000000001
1169 0.1915038742132843 58.45
1170 0.2869626012628422 58.5
1171 0.3859400477083634 58.55
1172 0.4867047396482812 58.6
1173 0.5751992758242127 58.65000000000001
1174 0.658596073536615 58.7
1175 0.7346269163044297 58.75
1176 0.8065369670767046 58.8
1177 0.8692155241684374 58.85
1178 0.9329077164220927 58.90000000000001
1179 0.9903309208502781 58.95
1180 1.043553306980658 59
1181 1.091578961600505 59.05
1182 1.128998962312545 59.1
1183 1.163300239195119 59.15000000000001
1184 1.189377814715095 59.2
1185 1.210876626423813 59.25
1186 1.224563725246588 59.3
1187 1.236049126228177 59.35
1188 1.240894005982389 59.40000000000001
1189 1.242212252745611 59.45
1190 1.234933457722059 59.5
1191 1.22230853470134 59.55
1192 1.209562091462147 59.6
1193 1.191731580525399 59.65000000000001
1194 1.16742329826632 59.7
1195 1.140864372099728 59.75
1196 1.110298369560806 59.8
1197 1.075359006195388 59.85
1198 1.036906652006517 59.90000000000001
1199 0.9970118473322088 59.95
1200 0.9512412175356983 60
